acom -O3 -work shifter -2002  $dsn/src/shifter.vhd
# Compile...
# Warning: DAGGEN_0523: The source is compiled without the -dbg switch. Line breakpoints and assertion debug will not be available.
# File: c:\My_Designs\F2017_Mahoney\shifter\src\shifter.vhd
# Compile Entity "shifter"
# Compile Architecture "behavior" of Entity "shifter"
# Compile success 0 Errors 0 Warnings  Analysis time :  0.1 [s]
acom -O3 -work shifter -2002  $dsn/src/shifter_TB.vhd
# Compile...
# Warning: DAGGEN_0523: The source is compiled without the -dbg switch. Line breakpoints and assertion debug will not be available.
# File: c:\My_Designs\F2017_Mahoney\shifter\src\shifter_TB.vhd
# Compile Entity "shifter_TB"
# Compile Architecture "BENCH" of Entity "shifter_TB"
# Compile success 0 Errors 0 Warnings  Analysis time :  0.1 [s]
asim +access +r -advdataflow shifter_TB
# Warning: Verilog Optimization cannot be used when -advdataflow is in effect. Verilog Optimization disabled.
# ELBREAD: Elaboration process.
# ELBREAD: Elaboration time 0.0 [s].
# asim: Stack memory: 32MB
# asim: Retval memory: 32MB
# 
# KERNEL: Main thread initiated.
# KERNEL: Kernel process initialization phase.
# KERNEL: Time resolution set to 1ps.
# ELAB2: Elaboration final pass...
# ELAB2: Create instances ...
# ELAB2: Create instances complete.
# ELAB2: Elaboration final pass complete - time: 0.0 [s].
# KERNEL: Warning: You are using the Active-HDL EDU Edition. The performance of simulation is running at a reduced rate.
# KERNEL: Warning: Contact Aldec for available upgrade options - sales@aldec.com.
# KERNEL: Kernel process initialization done.
# Allocation: Simulator allocated 5804 kB (elbread=1023 elab2=4631 kernel=149 sdf=0)
# KERNEL: ASDB file was created in location c:\My_Designs\F2017_Mahoney\shifter\src\wave.asdb
#  7:51 PM, Tuesday, November 28, 2017
#  Simulation has been initialized
#  Selected Top-Level: shifter_TB (BENCH)
wave
# Waveform file 'untitled.awc' connected to 'c:/My_Designs/F2017_Mahoney/shifter/src/wave.asdb'.
wave  /shifter_TB/*
# 5 signal(s) traced.
run
# KERNEL: Simulation has finished. There are no more test vectors to simulate.
acom -O3 -work shifter -2002  $dsn/src/shifter_TB.vhd
# Compile...
# Warning: DAGGEN_0523: The source is compiled without the -dbg switch. Line breakpoints and assertion debug will not be available.
# File: c:\My_Designs\F2017_Mahoney\shifter\src\shifter_TB.vhd
# Compile Entity "shifter_TB"
# Compile Architecture "BENCH" of Entity "shifter_TB"
# Error: COMP96_0077: shifter_TB.vhd : (31, 12): Undefined type of expression. Expected type 'STD_ULOGIC'.
# Error: COMP96_0077: shifter_TB.vhd : (32, 13): Undefined type of expression. Expected type 'STD_ULOGIC'.
# Compile failure 2 Errors 0 Warnings  Analysis time :  0.0 [ms]
acom -O3 -work shifter -2002  $dsn/src/shifter_TB.vhd
# Compile...
# Warning: DAGGEN_0523: The source is compiled without the -dbg switch. Line breakpoints and assertion debug will not be available.
# File: c:\My_Designs\F2017_Mahoney\shifter\src\shifter_TB.vhd
# Compile Entity "shifter_TB"
# Compile Architecture "BENCH" of Entity "shifter_TB"
# Error: COMP96_0077: shifter_TB.vhd : (31, 12): Undefined type of expression. Expected type 'STD_ULOGIC'.
# Error: COMP96_0077: shifter_TB.vhd : (32, 13): Undefined type of expression. Expected type 'STD_ULOGIC'.
# Compile failure 2 Errors 0 Warnings  Analysis time :  0.0 [ms]
acom -O3 -work shifter -2002  $dsn/src/shifter_TB.vhd
# Compile...
# Warning: DAGGEN_0523: The source is compiled without the -dbg switch. Line breakpoints and assertion debug will not be available.
# File: c:\My_Designs\F2017_Mahoney\shifter\src\shifter_TB.vhd
# Compile Entity "shifter_TB"
# Compile Architecture "BENCH" of Entity "shifter_TB"
# Compile success 0 Errors 0 Warnings  Analysis time :  0.1 [s]
asim +access +r -advdataflow shifter_TB
# Warning: Verilog Optimization cannot be used when -advdataflow is in effect. Verilog Optimization disabled.
#  Simulation has been stopped
# ELBREAD: Elaboration process.
# ELBREAD: Elaboration time 0.0 [s].
# asim: Stack memory: 32MB
# asim: Retval memory: 32MB
# 
# KERNEL: Main thread initiated.
# KERNEL: Kernel process initialization phase.
# KERNEL: Time resolution set to 1ps.
# ELAB2: Elaboration final pass...
# ELAB2: Create instances ...
# ELAB2: Create instances complete.
# ELAB2: Elaboration final pass complete - time: 0.0 [s].
# KERNEL: Warning: You are using the Active-HDL EDU Edition. The performance of simulation is running at a reduced rate.
# KERNEL: Warning: Contact Aldec for available upgrade options - sales@aldec.com.
# KERNEL: Kernel process initialization done.
# Allocation: Simulator allocated 5804 kB (elbread=1023 elab2=4631 kernel=149 sdf=0)
# KERNEL: ASDB file was created in location c:\My_Designs\F2017_Mahoney\shifter\src\wave.asdb
#  7:55 PM, Tuesday, November 28, 2017
#  Simulation has been initialized
#  Selected Top-Level: shifter_TB (BENCH)
# Waveform file 'untitled.awc' connected to 'c:/My_Designs/F2017_Mahoney/shifter/src/wave.asdb'.
wave
# Waveform file 'untitled.awc' connected to 'c:/My_Designs/F2017_Mahoney/shifter/src/wave.asdb'.
wave  /shifter_TB/*
# 5 signal(s) traced.
run
# KERNEL: Simulation has finished. There are no more test vectors to simulate.
acom -O3 -work shifter -2002  $dsn/src/shifter_TB.vhd
# Compile...
# Warning: DAGGEN_0523: The source is compiled without the -dbg switch. Line breakpoints and assertion debug will not be available.
# File: c:\My_Designs\F2017_Mahoney\shifter\src\shifter_TB.vhd
# Compile Entity "shifter_TB"
# Compile Architecture "BENCH" of Entity "shifter_TB"
# Compile success 0 Errors 0 Warnings  Analysis time :  0.1 [s]
acom -O3 -work shifter -2002  $dsn/src/shifter.vhd
# Compile...
# Warning: DAGGEN_0523: The source is compiled without the -dbg switch. Line breakpoints and assertion debug will not be available.
# File: c:\My_Designs\F2017_Mahoney\shifter\src\shifter.vhd
# Compile Entity "shifter"
# Compile Architecture "behavior" of Entity "shifter"
# Compile success 0 Errors 0 Warnings  Analysis time :  0.1 [s]
asim +access +r -advdataflow shifter_TB
# Warning: Verilog Optimization cannot be used when -advdataflow is in effect. Verilog Optimization disabled.
#  Simulation has been stopped
# ELBREAD: Elaboration process.
# ELBREAD: Elaboration time 0.0 [s].
# asim: Stack memory: 32MB
# asim: Retval memory: 32MB
# 
# KERNEL: Main thread initiated.
# KERNEL: Kernel process initialization phase.
# KERNEL: Time resolution set to 1ps.
# ELAB2: Elaboration final pass...
# ELAB2: Create instances ...
# ELAB2: Create instances complete.
# ELAB2: Elaboration final pass complete - time: 0.0 [s].
# KERNEL: Warning: You are using the Active-HDL EDU Edition. The performance of simulation is running at a reduced rate.
# KERNEL: Warning: Contact Aldec for available upgrade options - sales@aldec.com.
# KERNEL: Kernel process initialization done.
# Allocation: Simulator allocated 5804 kB (elbread=1023 elab2=4631 kernel=149 sdf=0)
# KERNEL: ASDB file was created in location c:\My_Designs\F2017_Mahoney\shifter\src\wave.asdb
#  7:57 PM, Tuesday, November 28, 2017
#  Simulation has been initialized
#  Selected Top-Level: shifter_TB (BENCH)
# Waveform file 'untitled.awc' connected to 'c:/My_Designs/F2017_Mahoney/shifter/src/wave.asdb'.
# Waveform file 'untitled.awc' connected to 'c:/My_Designs/F2017_Mahoney/shifter/src/wave.asdb'.
wave
# Waveform file 'untitled.awc' connected to 'c:/My_Designs/F2017_Mahoney/shifter/src/wave.asdb'.
wave  /shifter_TB/*
# 5 signal(s) traced.
run
# KERNEL: Simulation has finished. There are no more test vectors to simulate.
acom -O3 -work shifter -2002  $dsn/src/shifter_TB.vhd
# Compile...
# Warning: DAGGEN_0523: The source is compiled without the -dbg switch. Line breakpoints and assertion debug will not be available.
# File: c:\My_Designs\F2017_Mahoney\shifter\src\shifter_TB.vhd
# Compile Entity "shifter_TB"
# Compile Architecture "BENCH" of Entity "shifter_TB"
# Compile success 0 Errors 0 Warnings  Analysis time :  0.1 [s]
acom -O3 -work shifter -2002  $dsn/src/shifter.vhd
# Compile...
# Warning: DAGGEN_0523: The source is compiled without the -dbg switch. Line breakpoints and assertion debug will not be available.
# File: c:\My_Designs\F2017_Mahoney\shifter\src\shifter.vhd
# Compile Entity "shifter"
# Compile Architecture "behavior" of Entity "shifter"
# Compile success 0 Errors 0 Warnings  Analysis time :  0.1 [s]
acom -O3 -work shifter -2002  $dsn/src/shifter_TB.vhd
# Compile...
# Warning: DAGGEN_0523: The source is compiled without the -dbg switch. Line breakpoints and assertion debug will not be available.
# File: c:\My_Designs\F2017_Mahoney\shifter\src\shifter_TB.vhd
# Compile Entity "shifter_TB"
# Compile Architecture "BENCH" of Entity "shifter_TB"
# Compile success 0 Errors 0 Warnings  Analysis time :  0.1 [s]
asim +access +r -advdataflow shifter_TB
# Warning: Verilog Optimization cannot be used when -advdataflow is in effect. Verilog Optimization disabled.
#  Simulation has been stopped
# ELBREAD: Elaboration process.
# ELBREAD: Elaboration time 0.0 [s].
# asim: Stack memory: 32MB
# asim: Retval memory: 32MB
# 
# KERNEL: Main thread initiated.
# KERNEL: Kernel process initialization phase.
# KERNEL: Time resolution set to 1ps.
# ELAB2: Elaboration final pass...
# ELAB2: Create instances ...
# ELAB2: Create instances complete.
# ELAB2: Elaboration final pass complete - time: 0.0 [s].
# KERNEL: Warning: You are using the Active-HDL EDU Edition. The performance of simulation is running at a reduced rate.
# KERNEL: Warning: Contact Aldec for available upgrade options - sales@aldec.com.
# KERNEL: Kernel process initialization done.
# Allocation: Simulator allocated 5804 kB (elbread=1023 elab2=4631 kernel=149 sdf=0)
# KERNEL: ASDB file was created in location c:\My_Designs\F2017_Mahoney\shifter\src\wave.asdb
#  7:59 PM, Tuesday, November 28, 2017
#  Simulation has been initialized
#  Selected Top-Level: shifter_TB (BENCH)
# Waveform file 'untitled.awc' connected to 'c:/My_Designs/F2017_Mahoney/shifter/src/wave.asdb'.
# Waveform file 'untitled.awc' connected to 'c:/My_Designs/F2017_Mahoney/shifter/src/wave.asdb'.
# Waveform file 'untitled.awc' connected to 'c:/My_Designs/F2017_Mahoney/shifter/src/wave.asdb'.
wave
# Waveform file 'untitled.awc' connected to 'c:/My_Designs/F2017_Mahoney/shifter/src/wave.asdb'.
wave  /shifter_TB/*
# 5 signal(s) traced.
run
# KERNEL: Simulation has finished. There are no more test vectors to simulate.
acom -O3 -work shifter -2002  $dsn/src/shifter.vhd
# Compile...
# Warning: DAGGEN_0523: The source is compiled without the -dbg switch. Line breakpoints and assertion debug will not be available.
# File: c:\My_Designs\F2017_Mahoney\shifter\src\shifter.vhd
# Compile Entity "shifter"
# Compile Architecture "behavior" of Entity "shifter"
# Compile success 0 Errors 0 Warnings  Analysis time :  0.1 [s]
asim +access +r -advdataflow shifter_TB
# Warning: Verilog Optimization cannot be used when -advdataflow is in effect. Verilog Optimization disabled.
#  Simulation has been stopped
# ELBREAD: Elaboration process.
# ELBREAD: Elaboration time 0.0 [s].
# asim: Stack memory: 32MB
# asim: Retval memory: 32MB
# 
# KERNEL: Main thread initiated.
# KERNEL: Kernel process initialization phase.
# KERNEL: Time resolution set to 1ps.
# ELAB2: Elaboration final pass...
# ELAB2: Create instances ...
# ELAB2: Create instances complete.
# ELAB2: Elaboration final pass complete - time: 0.0 [s].
# KERNEL: Warning: You are using the Active-HDL EDU Edition. The performance of simulation is running at a reduced rate.
# KERNEL: Warning: Contact Aldec for available upgrade options - sales@aldec.com.
# KERNEL: Kernel process initialization done.
# Allocation: Simulator allocated 5804 kB (elbread=1023 elab2=4631 kernel=149 sdf=0)
# KERNEL: ASDB file was created in location c:\My_Designs\F2017_Mahoney\shifter\src\wave.asdb
#  8:02 PM, Tuesday, November 28, 2017
#  Simulation has been initialized
#  Selected Top-Level: shifter_TB (BENCH)
wave
# Waveform file 'untitled.awc' connected to 'c:/My_Designs/F2017_Mahoney/shifter/src/wave.asdb'.
wave  /shifter_TB/*
# 5 signal(s) traced.
run
# KERNEL: Simulation has finished. There are no more test vectors to simulate.
run
acom -O3 -work shifter -2002  $dsn/src/shifter_TB.vhd
# Compile...
# Warning: DAGGEN_0523: The source is compiled without the -dbg switch. Line breakpoints and assertion debug will not be available.
# File: c:\My_Designs\F2017_Mahoney\shifter\src\shifter_TB.vhd
# Compile Entity "shifter_TB"
# Compile Architecture "BENCH" of Entity "shifter_TB"
# Compile success 0 Errors 0 Warnings  Analysis time :  0.1 [s]
# ELBREAD: Elaboration process.
# ELBREAD: Elaboration time 0.0 [s].
# 
# KERNEL: Main thread initiated.
# KERNEL: Kernel process initialization phase.
# KERNEL: Time resolution set to 1ps.
# ELAB2: Elaboration final pass...
# ELAB2: Create instances ...
# ELAB2: Create instances complete.
# ELAB2: Elaboration final pass complete - time: 0.0 [s].
# KERNEL: Warning: You are using the Active-HDL EDU Edition. The performance of simulation is running at a reduced rate.
# KERNEL: Warning: Contact Aldec for available upgrade options - sales@aldec.com.
# KERNEL: Kernel process initialization done.
# Allocation: Simulator allocated 5804 kB (elbread=1023 elab2=4631 kernel=149 sdf=0)
# KERNEL: ASDB file was created in location c:\My_Designs\F2017_Mahoney\shifter\src\wave.asdb
#  8:06 PM, Tuesday, November 28, 2017
#  Simulation has been initialized
#  Selected Top-Level: shifter_TB (BENCH)
# Waveform file 'untitled.awc' connected to 'c:/My_Designs/F2017_Mahoney/shifter/src/wave.asdb'.
asim +access +r -advdataflow shifter_TB
# Warning: Verilog Optimization cannot be used when -advdataflow is in effect. Verilog Optimization disabled.
#  Simulation has been stopped
# ELBREAD: Elaboration process.
# ELBREAD: Elaboration time 0.0 [s].
# asim: Stack memory: 32MB
# asim: Retval memory: 32MB
# 
# KERNEL: Main thread initiated.
# KERNEL: Kernel process initialization phase.
# KERNEL: Time resolution set to 1ps.
# ELAB2: Elaboration final pass...
# ELAB2: Create instances ...
# ELAB2: Create instances complete.
# ELAB2: Elaboration final pass complete - time: 0.0 [s].
# KERNEL: Warning: You are using the Active-HDL EDU Edition. The performance of simulation is running at a reduced rate.
# KERNEL: Warning: Contact Aldec for available upgrade options - sales@aldec.com.
# KERNEL: Kernel process initialization done.
# Allocation: Simulator allocated 5804 kB (elbread=1023 elab2=4631 kernel=149 sdf=0)
# KERNEL: ASDB file was created in location c:\My_Designs\F2017_Mahoney\shifter\src\wave.asdb
#  8:06 PM, Tuesday, November 28, 2017
#  Simulation has been initialized
#  Selected Top-Level: shifter_TB (BENCH)
# Waveform file 'untitled.awc' connected to 'c:/My_Designs/F2017_Mahoney/shifter/src/wave.asdb'.
wave
# Waveform file 'untitled.awc' connected to 'c:/My_Designs/F2017_Mahoney/shifter/src/wave.asdb'.
wave  /shifter_TB/*
# 5 signal(s) traced.
run
# KERNEL: Simulation has finished. There are no more test vectors to simulate.
acom -O3 -work shifter -2002  $dsn/src/shifter_TB.vhd
# Compile...
# Warning: DAGGEN_0523: The source is compiled without the -dbg switch. Line breakpoints and assertion debug will not be available.
# File: c:\My_Designs\F2017_Mahoney\shifter\src\shifter_TB.vhd
# Compile Entity "shifter_TB"
# Compile Architecture "BENCH" of Entity "shifter_TB"
# Compile success 0 Errors 0 Warnings  Analysis time :  0.1 [s]
asim +access +r -advdataflow shifter_TB
# Warning: Verilog Optimization cannot be used when -advdataflow is in effect. Verilog Optimization disabled.
#  Simulation has been stopped
# ELBREAD: Elaboration process.
# ELBREAD: Elaboration time 0.0 [s].
# asim: Stack memory: 32MB
# asim: Retval memory: 32MB
# 
# KERNEL: Main thread initiated.
# KERNEL: Kernel process initialization phase.
# KERNEL: Time resolution set to 1ps.
# ELAB2: Elaboration final pass...
# ELAB2: Create instances ...
# ELAB2: Create instances complete.
# ELAB2: Elaboration final pass complete - time: 0.0 [s].
# KERNEL: Warning: You are using the Active-HDL EDU Edition. The performance of simulation is running at a reduced rate.
# KERNEL: Warning: Contact Aldec for available upgrade options - sales@aldec.com.
# KERNEL: Kernel process initialization done.
# Allocation: Simulator allocated 5804 kB (elbread=1023 elab2=4631 kernel=149 sdf=0)
# KERNEL: ASDB file was created in location c:\My_Designs\F2017_Mahoney\shifter\src\wave.asdb
#  8:07 PM, Tuesday, November 28, 2017
#  Simulation has been initialized
#  Selected Top-Level: shifter_TB (BENCH)
wave
# Waveform file 'untitled.awc' connected to 'c:/My_Designs/F2017_Mahoney/shifter/src/wave.asdb'.
wave  /shifter_TB/*
# 5 signal(s) traced.
run
# KERNEL: Simulation has finished. There are no more test vectors to simulate.
acom -O3 -work shifter -2002  $dsn/src/shifter_TB.vhd
# Compile...
# Warning: DAGGEN_0523: The source is compiled without the -dbg switch. Line breakpoints and assertion debug will not be available.
# File: c:\My_Designs\F2017_Mahoney\shifter\src\shifter_TB.vhd
# Compile Entity "shifter_TB"
# Compile Architecture "BENCH" of Entity "shifter_TB"
# Compile success 0 Errors 0 Warnings  Analysis time :  0.1 [s]
asim +access +r -advdataflow shifter_TB
# Warning: Verilog Optimization cannot be used when -advdataflow is in effect. Verilog Optimization disabled.
#  Simulation has been stopped
# ELBREAD: Elaboration process.
# ELBREAD: Elaboration time 0.0 [s].
# asim: Stack memory: 32MB
# asim: Retval memory: 32MB
# 
# KERNEL: Main thread initiated.
# KERNEL: Kernel process initialization phase.
# KERNEL: Time resolution set to 1ps.
# ELAB2: Elaboration final pass...
# ELAB2: Create instances ...
# ELAB2: Create instances complete.
# ELAB2: Elaboration final pass complete - time: 0.0 [s].
# KERNEL: Warning: You are using the Active-HDL EDU Edition. The performance of simulation is running at a reduced rate.
# KERNEL: Warning: Contact Aldec for available upgrade options - sales@aldec.com.
# KERNEL: Kernel process initialization done.
# Allocation: Simulator allocated 5804 kB (elbread=1023 elab2=4631 kernel=149 sdf=0)
# KERNEL: ASDB file was created in location c:\My_Designs\F2017_Mahoney\shifter\src\wave.asdb
#  8:08 PM, Tuesday, November 28, 2017
#  Simulation has been initialized
#  Selected Top-Level: shifter_TB (BENCH)
# Waveform file 'untitled.awc' connected to 'c:/My_Designs/F2017_Mahoney/shifter/src/wave.asdb'.
wave
# Waveform file 'untitled.awc' connected to 'c:/My_Designs/F2017_Mahoney/shifter/src/wave.asdb'.
wave  /shifter_TB/*
# 5 signal(s) traced.
run
# KERNEL: Simulation has finished. There are no more test vectors to simulate.
acom  -work shifter "$dsn\src\shifter_TB.vhd"
# Compile...
# Warning: DAGGEN_0523: The source is compiled without the -dbg switch. Line breakpoints and assertion debug will not be available.
# File: c:\My_Designs\F2017_Mahoney\shifter\src\shifter_TB.vhd
# Compile Entity "shifter_TB"
# Compile Architecture "BENCH" of Entity "shifter_TB"
# Compile success 0 Errors 0 Warnings  Analysis time :  0.1 [s]
asim +access +r -advdataflow shifter_TB
# Warning: Verilog Optimization cannot be used when -advdataflow is in effect. Verilog Optimization disabled.
#  Simulation has been stopped
# ELBREAD: Elaboration process.
# ELBREAD: Elaboration time 0.0 [s].
# asim: Stack memory: 32MB
# asim: Retval memory: 32MB
# 
# KERNEL: Main thread initiated.
# KERNEL: Kernel process initialization phase.
# KERNEL: Time resolution set to 1ps.
# ELAB2: Elaboration final pass...
# ELAB2: Create instances ...
# ELAB2: Create instances complete.
# ELAB2: Elaboration final pass complete - time: 0.0 [s].
# KERNEL: Warning: You are using the Active-HDL EDU Edition. The performance of simulation is running at a reduced rate.
# KERNEL: Warning: Contact Aldec for available upgrade options - sales@aldec.com.
# KERNEL: Kernel process initialization done.
# Allocation: Simulator allocated 5804 kB (elbread=1023 elab2=4631 kernel=149 sdf=0)
# KERNEL: ASDB file was created in location c:\My_Designs\F2017_Mahoney\shifter\src\wave.asdb
#  8:12 PM, Tuesday, November 28, 2017
#  Simulation has been initialized
#  Selected Top-Level: shifter_TB (BENCH)
wave
# Waveform file 'untitled.awc' connected to 'c:/My_Designs/F2017_Mahoney/shifter/src/wave.asdb'.
wave  /shifter_TB/*
# 5 signal(s) traced.
run
# KERNEL: Simulation has finished. There are no more test vectors to simulate.
#  Simulation has been stopped
# Design: Design "ALU" has been set as active.
# ELBREAD: Elaboration process.
# ELBREAD: Elaboration time 0.0 [s].
