Active-HDL 9.3.2744.4995  2017-12-19 19:09:17

Elaboration top modules:
Architecture                  behv(Comparator)


----------------------------------------------------------------------------------------------
Entity     | Architecture | Library   | Info | Compiler Version         | Compilation Options
----------------------------------------------------------------------------------------------
Comparator | behv         | finalexam |      | 9.3.2744.4995  (Windows) | -O3
----------------------------------------------------------------------------------------------

----------------------------------------------------------------------------------------------
VHDL Package              | Library   | Info | Compiler Version         | Compilation Options
----------------------------------------------------------------------------------------------
standard                  | std       |      |                          | 
TEXTIO                    | std       |      | 9.3.2744.4995  (Windows) |  -2008
std_logic_1164            | ieee      |      | 9.3.2744.4995  (Windows) |  -2008
std_logic_arith           | ieee      |      | 9.3.2744.4995  (Windows) | 
STD_LOGIC_UNSIGNED        | ieee      |      | 9.3.2744.4995  (Windows) | 
----------------------------------------------------------------------------------------------

----------------------------------------------------------------------------------------------
Library                   | Comment
----------------------------------------------------------------------------------------------
finalexam                 | None
ieee                      | Standard IEEE packages library
std                       | Standard VHDL library
----------------------------------------------------------------------------------------------
